TN:
SF:contracts/src/Carpool.sol
DA:135,22
FN:135,Carpool.onlyActiveDriver
FNDA:22,Carpool.onlyActiveDriver
DA:136,22
BRDA:136,0,0,0
BRDA:136,0,1,0
DA:141,8
FN:141,Carpool.rideExists
FNDA:8,Carpool.rideExists
DA:142,8
BRDA:142,1,0,0
BRDA:142,1,1,0
DA:153,49
FN:153,Carpool.constructor
FNDA:49,Carpool.constructor
DA:161,48
BRDA:161,2,0,0
BRDA:161,2,1,0
DA:162,49
BRDA:162,3,0,0
BRDA:162,3,1,0
DA:163,47
BRDA:163,4,0,0
BRDA:163,4,1,0
DA:164,49
DA:165,46
DA:166,46
DA:167,46
DA:168,46
DA:173,2
FN:173,Carpool.setBackend
FNDA:2,Carpool.setBackend
DA:174,2
BRDA:174,5,0,0
BRDA:174,5,1,0
DA:175,1
DA:176,1
DA:177,1
DA:184,41
FN:184,Carpool.registerDriver
FNDA:41,Carpool.registerDriver
DA:185,41
BRDA:185,6,0,0
BRDA:185,6,1,0
DA:186,41
BRDA:186,7,0,0
BRDA:186,7,1,0
DA:187,40
BRDA:187,8,0,0
BRDA:187,8,1,0
DA:188,41
DA:190,41
DA:191,41
DA:196,37
FN:196,Carpool.depositDriverCollateral
FNDA:37,Carpool.depositDriverCollateral
DA:197,37
DA:198,37
BRDA:198,9,0,0
BRDA:198,9,1,0
DA:199,37
BRDA:199,10,0,0
BRDA:199,10,1,0
DA:200,37
BRDA:200,11,0,0
BRDA:200,11,1,0
DA:202,37
DA:204,37
BRDA:204,12,0,37
DA:205,37
DA:208,37
DA:213,2
FN:213,Carpool.reactivateDriver
FNDA:2,Carpool.reactivateDriver
DA:214,2
DA:215,2
BRDA:215,13,0,0
BRDA:215,13,1,0
DA:216,2
BRDA:216,14,0,0
BRDA:216,14,1,0
DA:218,1
DA:219,1
BRDA:219,15,0,0
BRDA:219,15,1,0
DA:221,2
DA:222,1
DA:227,4
FN:227,Carpool.withdrawCollateral
FNDA:4,Carpool.withdrawCollateral
DA:228,4
DA:229,4
BRDA:229,16,0,0
BRDA:229,16,1,0
DA:230,4
BRDA:230,17,0,0
BRDA:230,17,1,0
DA:231,3
BRDA:231,18,0,0
BRDA:231,18,1,0
DA:232,3
BRDA:232,19,0,0
BRDA:232,19,1,0
DA:234,3
DA:235,3
DA:236,3
BRDA:236,20,0,3
DA:237,3
DA:240,3
DA:245,4
FN:245,Carpool.withdraw
FNDA:4,Carpool.withdraw
DA:246,4
DA:247,4
BRDA:247,21,0,0
BRDA:247,21,1,0
DA:249,3
DA:250,3
DA:251,3
BRDA:251,22,0,0
BRDA:251,22,1,0
DA:253,3
DA:258,31
FN:258,Carpool.registerUser
FNDA:31,Carpool.registerUser
DA:259,31
BRDA:259,23,0,0
BRDA:259,23,1,0
DA:260,31
DA:269,32
FN:269,Carpool.acceptRide
FNDA:32,Carpool.acceptRide
DA:274,32
BRDA:274,24,0,0
BRDA:274,24,1,0
DA:275,31
BRDA:275,25,0,0
BRDA:275,25,1,0
DA:276,31
BRDA:276,26,0,0
BRDA:276,26,1,0
DA:277,31
BRDA:277,27,0,0
BRDA:277,27,1,0
DA:278,30
BRDA:278,28,0,0
BRDA:278,28,1,0
DA:279,30
BRDA:279,29,0,0
BRDA:279,29,1,0
DA:281,30
DA:283,30
DA:284,30
BRDA:284,30,0,0
BRDA:284,30,1,0
DA:287,29
DA:289,29
DA:290,29
BRDA:290,31,0,0
BRDA:290,31,1,0
DA:292,29
DA:294,28
DA:296,28
DA:298,28
DA:299,28
DA:300,28
DA:301,28
DA:302,28
DA:303,28
DA:305,29
DA:316,22
FN:316,Carpool.startRide
FNDA:22,Carpool.startRide
DA:321,22
DA:322,22
BRDA:322,32,0,0
BRDA:322,32,1,0
DA:323,21
BRDA:323,33,0,0
BRDA:323,33,1,0
DA:324,20
BRDA:324,34,0,0
BRDA:324,34,1,0
DA:326,19
DA:327,22
DA:328,22
DA:329,19
DA:330,22
DA:332,22
DA:340,10
FN:340,Carpool.completeRide
FNDA:10,Carpool.completeRide
DA:341,10
DA:342,10
DA:343,10
DA:344,10
BRDA:344,35,0,0
BRDA:344,35,1,0
DA:345,10
BRDA:345,36,0,0
BRDA:345,36,1,0
DA:347,10
DA:348,10
DA:349,10
DA:350,10
DA:351,10
DA:353,10
DA:356,10
BRDA:356,37,0,2
DA:358,2
DA:359,2
DA:363,10
DA:364,10
BRDA:364,38,0,1
DA:365,1
DA:368,10
DA:369,10
DA:370,10
DA:372,10
DA:373,0
DA:375,10
DA:377,10
BRDA:377,39,0,1
DA:378,1
DA:380,10
DA:386,5
FN:386,Carpool.cancelRide
FNDA:5,Carpool.cancelRide
DA:387,5
DA:388,5
DA:389,5
DA:390,5
BRDA:390,40,0,5
BRDA:390,40,1,2
DA:391,4
BRDA:391,41,0,4
BRDA:391,41,1,3
DA:393,5
DA:394,5
DA:396,5
DA:398,5
DA:404,4
FN:404,Carpool.disputeRide
FNDA:4,Carpool.disputeRide
DA:405,4
DA:406,4
BRDA:406,42,0,4
BRDA:406,42,1,1
DA:407,3
BRDA:407,43,0,0
BRDA:407,43,1,0
DA:409,4
DA:410,4
DA:417,3
FN:417,Carpool.resolveDispute
FNDA:3,Carpool.resolveDispute
DA:418,3
DA:419,3
BRDA:419,44,0,0
BRDA:419,44,1,0
DA:421,2
DA:422,2
BRDA:422,45,0,0
BRDA:422,45,1,0
DA:424,1
DA:425,1
DA:426,1
DA:427,2
DA:428,2
DA:429,1
DA:431,2
DA:432,3
DA:434,3
DA:442,8
FN:442,Carpool.rateDriver
FNDA:8,Carpool.rateDriver
DA:443,8
BRDA:443,46,0,8
BRDA:443,46,1,7
DA:444,6
BRDA:444,47,0,0
BRDA:444,47,1,0
DA:446,8
DA:447,5
BRDA:447,48,0,0
BRDA:447,48,1,0
DA:448,5
BRDA:448,49,0,0
BRDA:448,49,1,0
DA:449,3
BRDA:449,50,0,0
BRDA:449,50,1,0
DA:451,3
DA:452,2
DA:453,8
DA:454,2
DA:455,2
DA:457,2
DA:460,8
DA:466,8
FN:466,Carpool.getRide
FNDA:8,Carpool.getRide
DA:467,8
FNF:18
FNH:18
LF:170
LH:169
BRF:97
BRH:13
end_of_record
TN:
SF:contracts/src/CarpoolBefore.sol
DA:133,0
FN:133,CarpoolBefore.onlyActiveDriver
FNDA:0,CarpoolBefore.onlyActiveDriver
DA:134,0
BRDA:134,0,0,-
BRDA:134,0,1,-
DA:138,0
FN:138,CarpoolBefore.rideExists
FNDA:0,CarpoolBefore.rideExists
DA:139,0
BRDA:139,1,0,-
BRDA:139,1,1,-
DA:150,1
FN:150,CarpoolBefore.constructor
FNDA:1,CarpoolBefore.constructor
DA:158,1
BRDA:158,2,0,0
BRDA:158,2,1,0
DA:159,1
BRDA:159,3,0,0
BRDA:159,3,1,0
DA:160,1
BRDA:160,4,0,0
BRDA:160,4,1,0
DA:161,1
DA:162,1
DA:163,1
DA:164,1
DA:165,1
DA:170,0
FN:170,CarpoolBefore.setBackend
FNDA:0,CarpoolBefore.setBackend
DA:171,0
BRDA:171,5,0,-
BRDA:171,5,1,-
DA:172,0
DA:179,1
FN:179,CarpoolBefore.registerDriver
FNDA:1,CarpoolBefore.registerDriver
DA:180,1
BRDA:180,6,0,0
BRDA:180,6,1,0
DA:181,1
BRDA:181,7,0,0
BRDA:181,7,1,0
DA:182,1
BRDA:182,8,0,0
BRDA:182,8,1,0
DA:184,1
DA:185,1
DA:186,1
DA:190,1
FN:190,CarpoolBefore.depositDriverCollateral
FNDA:1,CarpoolBefore.depositDriverCollateral
DA:191,1
DA:192,1
BRDA:192,9,0,0
BRDA:192,9,1,0
DA:193,1
BRDA:193,10,0,0
BRDA:193,10,1,0
DA:194,1
BRDA:194,11,0,0
BRDA:194,11,1,0
DA:196,1
DA:197,1
BRDA:197,12,0,1
DA:198,1
DA:201,1
DA:205,0
FN:205,CarpoolBefore.reactivateDriver
FNDA:0,CarpoolBefore.reactivateDriver
DA:206,0
DA:207,0
BRDA:207,13,0,-
BRDA:207,13,1,-
DA:208,0
BRDA:208,14,0,-
BRDA:208,14,1,-
DA:210,0
DA:211,0
BRDA:211,15,0,-
BRDA:211,15,1,-
DA:213,0
DA:214,0
DA:219,0
FN:219,CarpoolBefore.withdrawCollateral
FNDA:0,CarpoolBefore.withdrawCollateral
DA:220,0
DA:221,0
BRDA:221,16,0,-
BRDA:221,16,1,-
DA:222,0
BRDA:222,17,0,-
BRDA:222,17,1,-
DA:223,0
BRDA:223,18,0,-
BRDA:223,18,1,-
DA:224,0
BRDA:224,19,0,-
BRDA:224,19,1,-
DA:226,0
DA:227,0
DA:229,0
BRDA:229,20,0,-
DA:230,0
DA:233,0
DA:237,0
FN:237,CarpoolBefore.withdraw
FNDA:0,CarpoolBefore.withdraw
DA:238,0
DA:239,0
BRDA:239,21,0,-
BRDA:239,21,1,-
DA:241,0
DA:242,0
DA:243,0
BRDA:243,22,0,-
BRDA:243,22,1,-
DA:245,0
DA:249,1
FN:249,CarpoolBefore.registerUser
FNDA:1,CarpoolBefore.registerUser
DA:250,1
BRDA:250,23,0,0
BRDA:250,23,1,0
DA:251,1
DA:260,1
FN:260,CarpoolBefore.acceptRide
FNDA:1,CarpoolBefore.acceptRide
DA:265,1
BRDA:265,24,0,0
BRDA:265,24,1,0
DA:266,1
BRDA:266,25,0,0
BRDA:266,25,1,0
DA:267,1
BRDA:267,26,0,0
BRDA:267,26,1,0
DA:268,1
BRDA:268,27,0,0
BRDA:268,27,1,0
DA:269,1
BRDA:269,28,0,0
BRDA:269,28,1,0
DA:271,1
DA:272,1
DA:273,1
BRDA:273,29,0,0
BRDA:273,29,1,0
DA:275,1
DA:276,1
DA:277,1
BRDA:277,30,0,0
BRDA:277,30,1,0
DA:279,1
DA:281,1
DA:282,1
DA:283,1
DA:284,1
DA:285,1
DA:286,1
DA:287,1
DA:289,1
DA:291,1
DA:295,0
FN:295,CarpoolBefore.startRide
FNDA:0,CarpoolBefore.startRide
DA:300,0
DA:301,0
BRDA:301,31,0,-
BRDA:301,31,1,-
DA:302,0
BRDA:302,32,0,-
BRDA:302,32,1,-
DA:304,0
DA:305,0
DA:306,0
DA:307,0
DA:308,0
DA:310,0
DA:314,0
FN:314,CarpoolBefore.joinSharedRide
FNDA:0,CarpoolBefore.joinSharedRide
DA:322,0
BRDA:322,33,0,-
BRDA:322,33,1,-
DA:324,0
DA:325,0
BRDA:325,34,0,-
BRDA:325,34,1,-
DA:326,0
BRDA:326,35,0,-
BRDA:326,35,1,-
DA:327,0
BRDA:327,36,0,-
BRDA:327,36,1,-
DA:328,0
BRDA:328,37,0,-
BRDA:328,37,1,-
DA:329,0
BRDA:329,38,0,-
BRDA:329,38,1,-
DA:330,0
BRDA:330,39,0,-
BRDA:330,39,1,-
DA:331,0
BRDA:331,40,0,-
BRDA:331,40,1,-
DA:333,0
DA:335,0
DA:336,0
BRDA:336,41,0,-
BRDA:336,41,1,-
DA:338,0
DA:339,0
BRDA:339,42,0,-
BRDA:339,42,1,-
DA:341,0
DA:342,0
DA:344,0
DA:348,0
FN:348,CarpoolBefore.completeRide
FNDA:0,CarpoolBefore.completeRide
DA:349,0
DA:350,0
BRDA:350,43,0,-
BRDA:350,43,1,-
DA:351,0
BRDA:351,44,0,-
BRDA:351,44,1,-
DA:353,0
DA:354,0
DA:355,0
DA:357,0
BRDA:357,45,0,-
DA:358,0
DA:359,0
DA:362,0
DA:363,0
BRDA:363,46,0,-
DA:364,0
DA:367,0
DA:368,0
DA:369,0
DA:371,0
DA:372,0
DA:374,0
DA:376,0
BRDA:376,47,0,-
DA:377,0
DA:378,0
BRDA:378,48,0,-
BRDA:378,48,1,-
DA:381,0
DA:385,0
FN:385,CarpoolBefore.cancelRide
FNDA:0,CarpoolBefore.cancelRide
DA:386,0
DA:387,0
BRDA:387,49,0,-
BRDA:387,49,1,-
DA:388,0
BRDA:388,50,0,-
BRDA:388,50,1,-
DA:390,0
DA:391,0
DA:393,0
DA:395,0
DA:396,0
BRDA:396,51,0,-
BRDA:396,51,1,-
DA:398,0
BRDA:398,52,0,-
DA:399,0
DA:402,0
BRDA:402,53,0,-
BRDA:402,53,1,-
DA:405,0
DA:409,0
FN:409,CarpoolBefore.disputeRide
FNDA:0,CarpoolBefore.disputeRide
DA:410,0
DA:411,0
BRDA:411,54,0,-
BRDA:411,54,1,-
DA:412,0
BRDA:412,55,0,-
BRDA:412,55,1,-
DA:414,0
DA:415,0
DA:421,0
FN:421,CarpoolBefore.resolveDispute
FNDA:0,CarpoolBefore.resolveDispute
DA:422,0
DA:423,0
BRDA:423,56,0,-
BRDA:423,56,1,-
DA:425,0
DA:426,0
BRDA:426,57,0,-
BRDA:426,57,1,-
DA:428,0
DA:429,0
DA:430,0
DA:431,0
DA:433,0
DA:434,0
DA:435,0
BRDA:435,58,0,-
BRDA:435,58,1,-
DA:437,0
BRDA:437,59,0,-
DA:438,0
DA:441,0
BRDA:441,60,0,-
BRDA:441,60,1,-
DA:444,0
DA:450,0
FN:450,CarpoolBefore.rateDriver
FNDA:0,CarpoolBefore.rateDriver
DA:451,0
BRDA:451,61,0,-
BRDA:451,61,1,-
DA:453,0
DA:454,0
BRDA:454,62,0,-
BRDA:454,62,1,-
DA:455,0
BRDA:455,63,0,-
BRDA:455,63,1,-
DA:456,0
BRDA:456,64,0,-
BRDA:456,64,1,-
DA:458,0
DA:459,0
DA:460,0
DA:461,0
DA:462,0
DA:464,0
DA:470,0
FN:470,CarpoolBefore.getRide
FNDA:0,CarpoolBefore.getRide
DA:471,0
FNF:19
FNH:5
LF:183
LH:50
BRF:123
BRH:1
end_of_record
